c:\users\valyd\desktop\tera box\navesl4\debug\vc143.pdb
c:\users\valyd\desktop\tera box\navesl4\debug\vc143.idb
c:\users\valyd\desktop\tera box\navesl4\debug\item.obj
c:\users\valyd\desktop\tera box\navesl4\debug\inventoryslot.obj
c:\users\valyd\desktop\tera box\navesl4\debug\inventory.obj
c:\users\valyd\desktop\tera box\navesl4\debug\grasstile.obj
c:\users\valyd\desktop\tera box\navesl4\debug\grassblock.obj
c:\users\valyd\desktop\tera box\navesl4\debug\gamelayer.obj
c:\users\valyd\desktop\tera box\navesl4\debug\game.obj
c:\users\valyd\desktop\tera box\navesl4\debug\enemy.obj
c:\users\valyd\desktop\tera box\navesl4\debug\dirttile.obj
c:\users\valyd\desktop\tera box\navesl4\debug\dirtblock.obj
c:\users\valyd\desktop\tera box\navesl4\debug\bowprojectile.obj
c:\users\valyd\desktop\tera box\navesl4\debug\bow.obj
c:\users\valyd\desktop\tera box\navesl4\debug\bloque.obj
c:\users\valyd\desktop\tera box\navesl4\debug\bedrocktile.obj
c:\users\valyd\desktop\tera box\navesl4\debug\barradevida.obj
c:\users\valyd\desktop\tera box\navesl4\debug\background.obj
c:\users\valyd\desktop\tera box\navesl4\debug\axe.obj
c:\users\valyd\desktop\tera box\navesl4\debug\audio.obj
c:\users\valyd\desktop\tera box\navesl4\debug\animation.obj
c:\users\valyd\desktop\tera box\navesl4\debug\actor.obj
c:\users\valyd\desktop\tera box\navesl4\debug\tree_trunktile.obj
c:\users\valyd\desktop\tera box\navesl4\debug\tree_leavestile.obj
c:\users\valyd\desktop\tera box\navesl4\debug\tool.obj
c:\users\valyd\desktop\tera box\navesl4\debug\tile.obj
c:\users\valyd\desktop\tera box\navesl4\debug\text.obj
c:\users\valyd\desktop\tera box\navesl4\debug\space.obj
c:\users\valyd\desktop\tera box\navesl4\debug\swordprojectile.obj
c:\users\valyd\desktop\tera box\navesl4\debug\stonetile.obj
c:\users\valyd\desktop\tera box\navesl4\debug\stoneblock.obj
c:\users\valyd\desktop\tera box\navesl4\debug\sword.obj
c:\users\valyd\desktop\tera box\navesl4\debug\slime.obj
c:\users\valyd\desktop\tera box\navesl4\debug\puntodevida.obj
c:\users\valyd\desktop\tera box\navesl4\debug\projectile.obj
c:\users\valyd\desktop\tera box\navesl4\debug\player.obj
c:\users\valyd\desktop\tera box\navesl4\debug\pickaxe.obj
c:\users\valyd\desktop\tera box\navesl4\debug\pad.obj
c:\users\valyd\desktop\tera box\navesl4\debug\menulayer.obj
c:\users\valyd\desktop\tera box\navesl4\debug\main.obj
c:\users\valyd\desktop\tera box\navesl4\debug\layer.obj
c:\users\valyd\desktop\tera box\navesl4\debug\zombie.obj
c:\users\valyd\desktop\tera box\navesl4\debug\woodtile.obj
c:\users\valyd\desktop\tera box\navesl4\debug\woodblock.obj
c:\users\valyd\desktop\tera box\navesl4\debug\weapon.obj
c:\users\valyd\desktop\tera box\debug\terabox.exe
c:\users\valyd\desktop\tera box\navesl4\debug\terabox.ilk
c:\users\valyd\desktop\tera box\debug\terabox.pdb
c:\users\valyd\desktop\tera box\navesl4\debug\terabox.tlog\cl.command.1.tlog
c:\users\valyd\desktop\tera box\navesl4\debug\terabox.tlog\cl.read.1.tlog
c:\users\valyd\desktop\tera box\navesl4\debug\terabox.tlog\cl.write.1.tlog
c:\users\valyd\desktop\tera box\navesl4\debug\terabox.tlog\link.command.1.tlog
c:\users\valyd\desktop\tera box\navesl4\debug\terabox.tlog\link.read.1.tlog
c:\users\valyd\desktop\tera box\navesl4\debug\terabox.tlog\link.write.1.tlog
