c:\users\valyd\onedrive\terabox\navesl4\x64\debug\vc142.pdb
c:\users\valyd\onedrive\terabox\navesl4\x64\debug\vc142.idb
c:\users\valyd\onedrive\terabox\navesl4\x64\debug\item.obj
c:\users\valyd\onedrive\terabox\navesl4\x64\debug\inventoryslot.obj
c:\users\valyd\onedrive\terabox\navesl4\x64\debug\inventory.obj
c:\users\valyd\onedrive\terabox\navesl4\x64\debug\grasstile.obj
c:\users\valyd\onedrive\terabox\navesl4\x64\debug\grassblock.obj
c:\users\valyd\onedrive\terabox\navesl4\x64\debug\enemy.obj
c:\users\valyd\onedrive\terabox\navesl4\x64\debug\dirttile.obj
c:\users\valyd\onedrive\terabox\navesl4\x64\debug\dirtblock.obj
c:\users\valyd\onedrive\terabox\navesl4\x64\debug\bowprojectile.obj
c:\users\valyd\onedrive\terabox\navesl4\x64\debug\bow.obj
c:\users\valyd\onedrive\terabox\navesl4\x64\debug\bloque.obj
c:\users\valyd\onedrive\terabox\navesl4\x64\debug\bedrocktile.obj
c:\users\valyd\onedrive\terabox\navesl4\x64\debug\barradevida.obj
c:\users\valyd\onedrive\terabox\navesl4\x64\debug\background.obj
c:\users\valyd\onedrive\terabox\navesl4\x64\debug\axe.obj
c:\users\valyd\onedrive\terabox\navesl4\x64\debug\audio.obj
c:\users\valyd\onedrive\terabox\navesl4\x64\debug\animation.obj
c:\users\valyd\onedrive\terabox\navesl4\x64\debug\actor.obj
c:\users\valyd\onedrive\terabox\navesl4\x64\debug\weapon.obj
c:\users\valyd\onedrive\terabox\navesl4\x64\debug\tree_trunktile.obj
c:\users\valyd\onedrive\terabox\navesl4\x64\debug\tree_leavestile.obj
c:\users\valyd\onedrive\terabox\navesl4\x64\debug\tile.obj
c:\users\valyd\onedrive\terabox\navesl4\x64\debug\text.obj
c:\users\valyd\onedrive\terabox\navesl4\x64\debug\space.obj
c:\users\valyd\onedrive\terabox\navesl4\x64\debug\tool.obj
c:\users\valyd\onedrive\terabox\navesl4\x64\debug\swordprojectile.obj
c:\users\valyd\onedrive\terabox\navesl4\x64\debug\stonetile.obj
c:\users\valyd\onedrive\terabox\navesl4\x64\debug\stoneblock.obj
c:\users\valyd\onedrive\terabox\navesl4\x64\debug\sword.obj
c:\users\valyd\onedrive\terabox\navesl4\x64\debug\slime.obj
c:\users\valyd\onedrive\terabox\navesl4\x64\debug\puntodevida.obj
c:\users\valyd\onedrive\terabox\navesl4\x64\debug\projectile.obj
c:\users\valyd\onedrive\terabox\navesl4\x64\debug\player.obj
c:\users\valyd\onedrive\terabox\navesl4\x64\debug\pickaxe.obj
c:\users\valyd\onedrive\terabox\navesl4\x64\debug\pad.obj
c:\users\valyd\onedrive\terabox\navesl4\x64\debug\menulayer.obj
c:\users\valyd\onedrive\terabox\navesl4\x64\debug\main.obj
c:\users\valyd\onedrive\terabox\navesl4\x64\debug\layer.obj
c:\users\valyd\onedrive\terabox\navesl4\x64\debug\zombie.obj
c:\users\valyd\onedrive\terabox\navesl4\x64\debug\woodtile.obj
c:\users\valyd\onedrive\terabox\navesl4\x64\debug\woodblock.obj
c:\users\valyd\onedrive\terabox\navesl4\x64\debug\tool.h.ifc
c:\users\valyd\onedrive\terabox\navesl4\x64\debug\tool.h.ifc.d.json
c:\users\valyd\onedrive\terabox\navesl4\x64\debug\tool.h.obj
c:\users\valyd\onedrive\terabox\navesl4\x64\debug\tool.h.module.json
c:\users\valyd\onedrive\terabox\navesl4\x64\debug\terabox.tlog\cl.command.1.tlog
c:\users\valyd\onedrive\terabox\navesl4\x64\debug\terabox.tlog\cl.read.1.tlog
c:\users\valyd\onedrive\terabox\navesl4\x64\debug\terabox.tlog\cl.write.1.tlog
c:\users\valyd\onedrive\terabox\navesl4\x64\debug\terabox_md.tlog\cl.command.1.tlog
c:\users\valyd\onedrive\terabox\navesl4\x64\debug\terabox_md.tlog\microsoft.build.cpptasks.cl.read.1.tlog
c:\users\valyd\onedrive\terabox\navesl4\x64\debug\terabox_md.tlog\microsoft.build.cpptasks.cl.write.1.tlog
